<?xml version="1.0" encoding="UTF-8" ?>
<testsuite failures="0" time="4" errors="1" skipped="1" tests="3" name="TestSuite Name" group="Project Name">
  <properties>
[...]
</properties>
  <testcase time="11,088" classname="" name="TestCase Name1" group="TestSuite Name"/>
  <testcase time="3" classname="" name="TestCase Name2" group="TestSuite Name">
    <error/>
    <system-out>Undefined Error</system-out>
    <system-err>Undefined Error</system-err>
  </testcase>
  <testcase time="3" classname="" name="TestCase Name3" group="TestSuite Name">
    <skipped/>
  </testcase>
</testsuite>